<?xml version="1.0" encoding="UTF-8"?>
<testng-results ignored="0" total="1" passed="1" failed="0" skipped="0">
  <reporter-output>
  </reporter-output>
  <suite started-at="2025-06-24T21:21:00 IST" name="LoginSuite" finished-at="2025-06-24T21:21:10 IST" duration-ms="9650">
    <groups>
    </groups>
    <test started-at="2025-06-24T21:21:00 IST" name="Loginpagetest" finished-at="2025-06-24T21:21:10 IST" duration-ms="9650">
      <class name="tests.LoginTests">
        <test-method is-config="true" signature="setUp()[pri:0, instance:tests.LoginTests@55b7a4e0]" started-at="2025-06-24T21:21:00 IST" name="setUp" finished-at="2025-06-24T21:21:09 IST" duration-ms="8616" status="PASS">
          <reporter-output>
          </reporter-output>
        </test-method> <!-- setUp -->
        <test-method signature="testvalidLogin()[pri:0, instance:tests.LoginTests@55b7a4e0]" started-at="2025-06-24T21:21:09 IST" name="testvalidLogin" finished-at="2025-06-24T21:21:10 IST" duration-ms="940" status="PASS">
          <reporter-output>
          </reporter-output>
        </test-method> <!-- testvalidLogin -->
        <test-method is-config="true" signature="teardown()[pri:0, instance:tests.LoginTests@55b7a4e0]" started-at="2025-06-24T21:21:10 IST" name="teardown" finished-at="2025-06-24T21:21:10 IST" duration-ms="0" status="PASS">
          <reporter-output>
          </reporter-output>
        </test-method> <!-- teardown -->
      </class> <!-- tests.LoginTests -->
    </test> <!-- Loginpagetest -->
  </suite> <!-- LoginSuite -->
</testng-results>
